<?xml version="1.0" encoding="UTF-8"?>
<testsuite name="runner.runner" tests="0" skipped="0" failures="0" errors="0" timestamp="1970-01-01T00:00:00" hostname="juan-Inspiron-14-3467" time="0.0">
  <properties/>
  <system-out><![CDATA[
2 Scenarios (2 passed)
13 Steps (13 passed)
0m22.093s

]]></system-out>
  <system-err><![CDATA[1654214094896	Marionette	INFO	Stopped listening on port 33279

###!!! [Parent][PImageBridgeParent] Error: RunMessage(msgname=PImageBridge::Msg_WillClose) Channel closing: too late to send/recv, messages will be lost

Sandbox: Unexpected EOF, op 0 flags 00 path /proc/cpuinfo
]]></system-err>
</testsuite>
